<?xml version="1.0" encoding="UTF-8"?>
<!-- Generated by org.testng.reporters.JUnitReportReporter -->
<testsuite skipped="1" hostname="DESKTOP-56UM7GO" name="APITest.E_commerce" tests="4" failures="0" timestamp="2021-12-02T14:37:42 IST" time="21.715" errors="0">
  <testcase name="login" time="16.869" classname="APITest.E_commerce"/>
  <system-out/>
  <testcase name="getusers" time="3.269" classname="APITest.E_commerce"/>
  <system-out/>
  <testcase name="delete" time="1.577" classname="APITest.E_commerce"/>
  <system-out/>
  <testcase name="signup" classname="APITest.E_commerce">
    <skipped/>
  </testcase> <!-- signup -->
  <system-out/>
</testsuite> <!-- APITest.E_commerce -->
